<?xml version="1.0" encoding="UTF-8"?>
<!-- Generated by org.testng.reporters.JUnitXMLReporter -->
<testsuite hostname="LAPTOP-LGU3VO9O" ignored="0" name="Default test(failed)" tests="1" failures="1" timestamp="2022-08-08T16:17:19 IST" time="9.092" errors="0">
  <testcase name="TC01" time="0.005" classname="Demo_project_Zerodha.Testclass">
    <failure type="java.lang.NullPointerException">
      <![CDATA[java.lang.NullPointerException
at org.openqa.selenium.support.pagefactory.DefaultElementLocator.findElement(DefaultElementLocator.java:70)
at org.openqa.selenium.support.pagefactory.internal.LocatingElementHandler.invoke(LocatingElementHandler.java:39)
at com.sun.proxy.$Proxy11.sendKeys(Unknown Source)
at Demo_project_Zerodha.P_module_class.enteruserid(P_module_class.java:23)
at Demo_project_Zerodha.Testclass.TC01(Testclass.java:32)
at java.util.ArrayList.forEach(Unknown Source)
... Removed 27 stack frames]]>
    </failure>
  </testcase> <!-- TC01 -->
</testsuite> <!-- Default test(failed) -->
