<?xml version="1.0" encoding="UTF-8"?>
<!-- Generated by org.testng.reporters.JUnitXMLReporter -->
<testsuite hostname="LAPTOP-LGU3VO9O" ignored="13" name="Test" tests="5" failures="2" timestamp="2022-08-12T15:53:43 IST" time="0.061" errors="0">
  <testcase name="TC01" time="0.009" classname="TestNG2.Groupskeyword1">
    <failure type="java.lang.AssertionError" message="null">
      <![CDATA[java.lang.AssertionError: null
at TestNG2.Groupskeyword1.TC01(Groupskeyword1.java:12)
at java.util.ArrayList.forEach(Unknown Source)
... Removed 29 stack frames]]>
    </failure>
  </testcase> <!-- TC01 -->
  <testcase name="TC09" time="0.001" classname="TestNG2.Groupskeyword2">
    <failure type="java.lang.AssertionError" message="null">
      <![CDATA[java.lang.AssertionError: null
at TestNG2.Groupskeyword2.TC09(Groupskeyword2.java:20)
at java.util.ArrayList.forEach(Unknown Source)
... Removed 29 stack frames]]>
    </failure>
  </testcase> <!-- TC09 -->
  <testcase name="TC12" time="0.001" classname="TestNG2.Groupskeyword2"/>
  <testcase name="TC13" time="0.001" classname="TestNG2.Groupskeyword3"/>
  <testcase name="TC17" time="0.001" classname="TestNG2.Groupskeyword3"/>
  <testcase name="TC05" time="0.0" classname="TestNG2.Groupskeyword1">
    <ignored/>
  </testcase> <!-- TC05 -->
  <testcase name="TC14" time="0.0" classname="TestNG2.Groupskeyword3">
    <ignored/>
  </testcase> <!-- TC14 -->
  <testcase name="TC06" time="0.0" classname="TestNG2.Groupskeyword1">
    <ignored/>
  </testcase> <!-- TC06 -->
  <testcase name="TC15" time="0.0" classname="TestNG2.Groupskeyword3">
    <ignored/>
  </testcase> <!-- TC15 -->
  <testcase name="TC08" time="0.0" classname="TestNG2.Groupskeyword2">
    <ignored/>
  </testcase> <!-- TC08 -->
  <testcase name="TC19" time="0.0" classname="TestNG2.Groupskeyword2">
    <ignored/>
  </testcase> <!-- TC19 -->
  <testcase name="TC18" time="0.0" classname="TestNG2.Groupskeyword3">
    <ignored/>
  </testcase> <!-- TC18 -->
  <testcase name="TC03" time="0.0" classname="TestNG2.Groupskeyword1">
    <ignored/>
  </testcase> <!-- TC03 -->
  <testcase name="TC16" time="0.0" classname="TestNG2.Groupskeyword3">
    <ignored/>
  </testcase> <!-- TC16 -->
  <testcase name="TC02" time="0.0" classname="TestNG2.Groupskeyword1">
    <ignored/>
  </testcase> <!-- TC02 -->
  <testcase name="TC07" time="0.0" classname="TestNG2.Groupskeyword2">
    <ignored/>
  </testcase> <!-- TC07 -->
  <testcase name="TC010" time="0.0" classname="TestNG2.Groupskeyword2">
    <ignored/>
  </testcase> <!-- TC010 -->
  <testcase name="TC04" time="0.0" classname="TestNG2.Groupskeyword1">
    <ignored/>
  </testcase> <!-- TC04 -->
</testsuite> <!-- Test -->
