<?xml version="1.0" encoding="UTF-8"?>
<!-- Generated by org.testng.reporters.JUnitXMLReporter -->
<testsuite hostname="LAPTOP-LGU3VO9O" ignored="7" name="Test(failed)" tests="5" failures="5" timestamp="2022-08-02T15:58:37 IST" time="0.062" errors="0">
  <testcase name="TC02" time="0.013" classname="TestNG2.Demo1">
    <failure type="java.lang.AssertionError" message="null">
      <![CDATA[java.lang.AssertionError: null
at TestNG2.Demo1.TC02(Demo1.java:14)
at java.util.ArrayList.forEach(Unknown Source)
... Removed 29 stack frames]]>
    </failure>
  </testcase> <!-- TC02 -->
  <testcase name="TC04" time="0.0" classname="TestNG2.Demo1">
    <failure type="java.lang.AssertionError" message="null">
      <![CDATA[java.lang.AssertionError: null
at TestNG2.Demo1.TC04(Demo1.java:23)
at java.util.ArrayList.forEach(Unknown Source)
... Removed 29 stack frames]]>
    </failure>
  </testcase> <!-- TC04 -->
  <testcase name="TC06" time="0.001" classname="TestNG2.Demo2">
    <failure type="java.lang.AssertionError" message="null">
      <![CDATA[java.lang.AssertionError: null
at TestNG2.Demo2.TC06(Demo2.java:14)
at java.util.ArrayList.forEach(Unknown Source)
... Removed 29 stack frames]]>
    </failure>
  </testcase> <!-- TC06 -->
  <testcase name="TC12" time="0.001" classname="TestNG2.Demo3">
    <failure type="java.lang.AssertionError" message="null">
      <![CDATA[java.lang.AssertionError: null
at TestNG2.Demo3.TC12(Demo3.java:23)
at java.util.ArrayList.forEach(Unknown Source)
... Removed 29 stack frames]]>
    </failure>
  </testcase> <!-- TC12 -->
  <testcase name="TC10" time="0.001" classname="TestNG2.Demo3">
    <failure type="java.lang.AssertionError" message="null">
      <![CDATA[java.lang.AssertionError: null
at TestNG2.Demo3.TC10(Demo3.java:14)
at java.util.ArrayList.forEach(Unknown Source)
... Removed 29 stack frames]]>
    </failure>
  </testcase> <!-- TC10 -->
  <testcase name="TC08" time="0.0" classname="TestNG2.Demo2">
    <ignored/>
  </testcase> <!-- TC08 -->
  <testcase name="TC07" time="0.0" classname="TestNG2.Demo2">
    <ignored/>
  </testcase> <!-- TC07 -->
  <testcase name="TC05" time="0.0" classname="TestNG2.Demo2">
    <ignored/>
  </testcase> <!-- TC05 -->
  <testcase name="TC01" time="0.0" classname="TestNG2.Demo1">
    <ignored/>
  </testcase> <!-- TC01 -->
  <testcase name="TC03" time="0.0" classname="TestNG2.Demo1">
    <ignored/>
  </testcase> <!-- TC03 -->
  <testcase name="TC11" time="0.0" classname="TestNG2.Demo3">
    <ignored/>
  </testcase> <!-- TC11 -->
  <testcase name="TC09" time="0.0" classname="TestNG2.Demo3">
    <ignored/>
  </testcase> <!-- TC09 -->
</testsuite> <!-- Test(failed) -->
