<?xml version="1.0" encoding="UTF-8"?>
<!-- Generated by org.testng.reporters.JUnitReportReporter -->
<testsuite skipped="0" hostname="LAPTOP-LGU3VO9O" name="TestNG1.Practice3_TestSuit" tests="5" failures="0" timestamp="2022-08-12T14:59:26 IST" time="0.005" errors="0">
  <testcase name="TC12" time="0.001" classname="TestNG1.Practice3_TestSuit"/>
  <system-out/>
  <testcase name="TC09" time="0.001" classname="TestNG1.Practice3_TestSuit"/>
  <system-out/>
  <testcase name="TC13" time="0.001" classname="TestNG1.Practice3_TestSuit"/>
  <system-out/>
  <testcase name="TC11" time="0.001" classname="TestNG1.Practice3_TestSuit"/>
  <system-out/>
  <testcase name="TC08" time="0.001" classname="TestNG1.Practice3_TestSuit"/>
  <system-out/>
</testsuite> <!-- TestNG1.Practice3_TestSuit -->
