<?xml version="1.0" encoding="UTF-8"?>
<!-- Generated by org.testng.reporters.JUnitReportReporter -->
<testsuite skipped="0" hostname="LAPTOP-LGU3VO9O" name="Cross_Browser_testing1.Practice" tests="2" failures="0" timestamp="2022-08-19T11:48:11 IST" time="82.905" errors="0">
  <testcase name="m1" time="19.641" classname="Cross_Browser_testing1.Practice"/>
  <system-out/>
  <testcase name="m1" time="63.264" classname="Cross_Browser_testing1.Practice"/>
  <system-out/>
</testsuite> <!-- Cross_Browser_testing1.Practice -->
