<?xml version="1.0" encoding="UTF-8"?>
<!-- Generated by org.testng.reporters.JUnitReportReporter -->
<testsuite skipped="0" hostname="LAPTOP-LGU3VO9O" name="TestNG1.Practice4" tests="6" failures="0" timestamp="2022-08-01T20:15:08 IST" time="0.007" errors="0">
  <testcase name="TC05" time="0.002" classname="TestNG1.Practice4"/>
  <system-out/>
  <testcase name="TC07" time="0.001" classname="TestNG1.Practice4"/>
  <system-out/>
  <testcase name="TC03" time="0.001" classname="TestNG1.Practice4"/>
  <system-out/>
  <testcase name="TC06" time="0.001" classname="TestNG1.Practice4"/>
  <system-out/>
  <testcase name="TC04" time="0.001" classname="TestNG1.Practice4"/>
  <system-out/>
  <testcase name="TC01" time="0.001" classname="TestNG1.Practice4"/>
  <system-out/>
</testsuite> <!-- TestNG1.Practice4 -->
