<?xml version="1.0" encoding="UTF-8"?>
<!-- Generated by org.testng.reporters.JUnitReportReporter -->
<testsuite skipped="0" hostname="LAPTOP-LGU3VO9O" name="TestNG1.Practice1" tests="4" failures="0" timestamp="2022-07-29T15:12:03 IST" time="0.009" errors="0">
  <testcase name="Tc02" time="0.004" classname="TestNG1.Practice1"/>
  <system-out>
    <![CDATA[TC02 is executed]]>
  </system-out>
  <testcase name="Tc03" time="0.000" classname="TestNG1.Practice1"/>
  <system-out>
    <![CDATA[TC03 is executed]]>
  </system-out>
  <testcase name="Tc03" time="0.001" classname="TestNG1.Practice1"/>
  <system-out>
    <![CDATA[TC03 is executed]]>
  </system-out>
  <testcase name="Tc01" time="0.004" classname="TestNG1.Practice1"/>
  <system-out>
    <![CDATA[TC01 is executed]]>
  </system-out>
</testsuite> <!-- TestNG1.Practice1 -->
