<?xml version="1.0" encoding="UTF-8"?>
<!-- Generated by org.testng.reporters.JUnitReportReporter -->
<testsuite skipped="0" hostname="LAPTOP-LGU3VO9O" name="TestNG2.Groupskeyword3" tests="2" failures="0" timestamp="2022-08-12T15:53:43 IST" time="0.002" errors="0">
  <testcase name="TC13" time="0.001" classname="TestNG2.Groupskeyword3"/>
  <system-out>
    <![CDATA[Test case 13 execute]]>
  </system-out>
  <testcase name="TC17" time="0.001" classname="TestNG2.Groupskeyword3"/>
  <system-out>
    <![CDATA[Test case 17 execute]]>
  </system-out>
</testsuite> <!-- TestNG2.Groupskeyword3 -->
