<?xml version="1.0" encoding="UTF-8"?>
<!-- Generated by org.testng.reporters.JUnitReportReporter -->
<testsuite skipped="1" hostname="LAPTOP-LGU3VO9O" name="TestNG1.Practice_2" tests="9" failures="0" timestamp="2022-07-29T22:28:15 IST" time="0.023" errors="0">
  <testcase name="Tcs02" time="0.005" classname="TestNG1.Practice_2"/>
  <system-out>
    <![CDATA[Tcs02 Executed]]>
  </system-out>
  <testcase name="Tcs03" time="0.003" classname="TestNG1.Practice_2"/>
  <system-out>
    <![CDATA[Tcs03 Executed]]>
  </system-out>
  <testcase name="Tcs05" time="0.002" classname="TestNG1.Practice_2"/>
  <system-out>
    <![CDATA[Tcs05 Executed]]>
  </system-out>
  <testcase name="Tcs06" time="0.002" classname="TestNG1.Practice_2"/>
  <system-out>
    <![CDATA[Tcs06 Executed]]>
  </system-out>
  <testcase name="Tcs07" time="0.006" classname="TestNG1.Practice_2"/>
  <system-out>
    <![CDATA[Tcs07 Executed]]>
  </system-out>
  <testcase name="Tcs01" time="0.002" classname="TestNG1.Practice_2"/>
  <system-out>
    <![CDATA[Tcs01 Executed]]>
  </system-out>
  <testcase name="Tcs01" time="0.002" classname="TestNG1.Practice_2"/>
  <system-out>
    <![CDATA[Tcs01 Executed]]>
  </system-out>
  <testcase name="Tcs01" time="0.001" classname="TestNG1.Practice_2"/>
  <system-out>
    <![CDATA[Tcs01 Executed]]>
  </system-out>
  <testcase name="Tcs04" classname="TestNG1.Practice_2">
    <skipped/>
  </testcase> <!-- Tcs04 -->
  <system-out/>
</testsuite> <!-- TestNG1.Practice_2 -->
