<?xml version="1.0" encoding="UTF-8"?>
<!-- Generated by org.testng.reporters.JUnitReportReporter -->
<testsuite skipped="0" hostname="LAPTOP-LGU3VO9O" name="TestNG2.Groups_Practice2" tests="6" failures="1" timestamp="2022-08-02T15:28:08 IST" time="0.023" errors="0">
  <testcase name="TC14" time="0.004" classname="TestNG2.Groups_Practice2"/>
  <system-out>
    <![CDATA[Test case 14 execute]]>
  </system-out>
  <testcase name="TC17" time="0.003" classname="TestNG2.Groups_Practice2"/>
  <system-out>
    <![CDATA[Test case 17 execute]]>
  </system-out>
  <testcase name="TC18" time="0.004" classname="TestNG2.Groups_Practice2"/>
  <system-out>
    <![CDATA[Test case 18 execute]]>
  </system-out>
  <testcase name="TC15" time="0.004" classname="TestNG2.Groups_Practice2">
    <failure type="java.lang.AssertionError" message="null">
      <![CDATA[java.lang.AssertionError: null
at org.testng.Assert.fail(Assert.java:99)
at org.testng.Assert.fail(Assert.java:106)
at TestNG2.Groups_Practice2.TC15(Groups_Practice2.java:19)
at sun.reflect.NativeMethodAccessorImpl.invoke0(Native Method)
at sun.reflect.NativeMethodAccessorImpl.invoke(Unknown Source)
at sun.reflect.DelegatingMethodAccessorImpl.invoke(Unknown Source)
at java.lang.reflect.Method.invoke(Unknown Source)
at org.testng.internal.MethodInvocationHelper.invokeMethod(MethodInvocationHelper.java:133)
at org.testng.internal.TestInvoker.invokeMethod(TestInvoker.java:598)
at org.testng.internal.TestInvoker.invokeTestMethod(TestInvoker.java:173)
at org.testng.internal.MethodRunner.runInSequence(MethodRunner.java:46)
at org.testng.internal.TestInvoker$MethodInvocationAgent.invoke(TestInvoker.java:824)
at org.testng.internal.TestInvoker.invokeTestMethods(TestInvoker.java:146)
at org.testng.internal.TestMethodWorker.invokeTestMethods(TestMethodWorker.java:146)
at org.testng.internal.TestMethodWorker.run(TestMethodWorker.java:128)
at java.util.ArrayList.forEach(Unknown Source)
at org.testng.TestRunner.privateRun(TestRunner.java:794)
at org.testng.TestRunner.run(TestRunner.java:596)
at org.testng.SuiteRunner.runTest(SuiteRunner.java:377)
at org.testng.SuiteRunner.runSequentially(SuiteRunner.java:371)
at org.testng.SuiteRunner.privateRun(SuiteRunner.java:332)
at org.testng.SuiteRunner.run(SuiteRunner.java:276)
at org.testng.SuiteRunnerWorker.runSuite(SuiteRunnerWorker.java:53)
at org.testng.SuiteRunnerWorker.run(SuiteRunnerWorker.java:96)
at org.testng.TestNG.runSuitesSequentially(TestNG.java:1212)
at org.testng.TestNG.runSuitesLocally(TestNG.java:1134)
at org.testng.TestNG.runSuites(TestNG.java:1063)
at org.testng.TestNG.run(TestNG.java:1031)
at org.testng.remote.AbstractRemoteTestNG.run(AbstractRemoteTestNG.java:115)
at org.testng.remote.RemoteTestNG.initAndRun(RemoteTestNG.java:251)
at org.testng.remote.RemoteTestNG.main(RemoteTestNG.java:77)
]]>
    </failure>
  </testcase> <!-- TC15 -->
  <system-out>
    <![CDATA[Test case 15 execute]]>
  </system-out>
  <testcase name="TC13" time="0.003" classname="TestNG2.Groups_Practice2"/>
  <system-out>
    <![CDATA[Test case 13 execute]]>
  </system-out>
  <testcase name="TC16" time="0.005" classname="TestNG2.Groups_Practice2"/>
  <system-out>
    <![CDATA[Test case 16 execute]]>
  </system-out>
</testsuite> <!-- TestNG2.Groups_Practice2 -->
